TN:
SF:C:\Lucas\agendabot\chatbot\bot.js
FN:9,create
FN:10,(anonymous_1)
FN:16,(anonymous_2)
FNF:3
FNH:2
FNDA:1,create
FNDA:0,(anonymous_1)
FNDA:9,(anonymous_2)
DA:2,1
DA:3,1
DA:4,1
DA:5,1
DA:6,1
DA:7,1
DA:10,1
DA:12,1
DA:13,1
DA:15,1
DA:16,1
DA:17,9
DA:20,9
DA:23,9
DA:28,1
DA:31,1
LF:16
LH:16
BRF:0
BRH:0
end_of_record
TN:
SF:C:\Lucas\agendabot\chatbot\dao.js
FN:6,(anonymous_0)
FN:10,(anonymous_1)
FN:11,(anonymous_2)
FN:16,(anonymous_3)
FNF:4
FNH:4
FNDA:1,(anonymous_0)
FNDA:1,(anonymous_1)
FNDA:1,(anonymous_2)
FNDA:1,(anonymous_3)
DA:1,1
DA:2,1
DA:4,1
DA:6,1
DA:7,1
DA:10,1
DA:11,1
DA:12,1
DA:16,1
DA:17,1
DA:37,1
LF:11
LH:11
BRF:0
BRH:0
end_of_record
TN:
SF:C:\Lucas\agendabot\chatbot\recognizer-luis.js
FNF:0
FNH:0
DA:1,1
DA:2,1
DA:3,1
LF:3
LH:3
BRF:0
BRH:0
end_of_record
TN:
SF:C:\Lucas\agendabot\chatbot\register-dialogs.js
FN:1,(anonymous_0)
FN:2,(anonymous_1)
FNF:2
FNH:2
FNDA:1,(anonymous_0)
FNDA:9,(anonymous_1)
DA:1,1
DA:2,1
DA:3,9
LF:3
LH:3
BRF:0
BRH:0
end_of_record
TN:
SF:C:\Lucas\agendabot\chatbot\service.js
FN:6,(anonymous_0)
FN:13,(anonymous_1)
FN:15,(anonymous_2)
FN:20,(anonymous_3)
FN:21,(anonymous_4)
FN:22,(anonymous_5)
FN:29,(anonymous_6)
FN:34,(anonymous_7)
FNF:8
FNH:8
FNDA:1,(anonymous_0)
FNDA:1,(anonymous_1)
FNDA:1,(anonymous_2)
FNDA:1,(anonymous_3)
FNDA:1,(anonymous_4)
FNDA:1,(anonymous_5)
FNDA:1,(anonymous_6)
FNDA:1,(anonymous_7)
DA:1,1
DA:2,1
DA:3,1
DA:4,1
DA:6,1
DA:13,1
DA:14,1
DA:15,1
DA:16,1
DA:20,1
DA:21,1
DA:22,1
DA:23,1
DA:24,1
DA:29,1
DA:30,1
DA:34,1
DA:35,1
DA:39,1
LF:19
LH:19
BRDA:23,0,0,0
BRDA:23,0,1,1
BRF:2
BRH:1
end_of_record
TN:
SF:C:\Lucas\agendabot\chatbot\storage.js
FNF:0
FNH:0
DA:2,1
DA:3,1
DA:4,1
DA:6,1
LF:4
LH:4
BRF:0
BRH:0
end_of_record
TN:
SF:C:\Lucas\agendabot\chatbot\table.js
FNF:0
FNH:0
DA:1,1
DA:2,1
DA:9,1
LF:3
LH:3
BRF:0
BRH:0
end_of_record
TN:
SF:C:\Lucas\agendabot\chatbot\dialogs\add.js
FN:9,askPersonName
FN:13,askPhone
FN:18,confirmNameAndNumber
FN:23,saveConfirmedUser
FN:27,(anonymous_4)
FN:31,(anonymous_5)
FNF:6
FNH:6
FNDA:1,askPersonName
FNDA:1,askPhone
FNDA:1,confirmNameAndNumber
FNDA:1,saveConfirmedUser
FNDA:1,(anonymous_4)
FNDA:1,(anonymous_5)
DA:1,1
DA:2,1
DA:3,1
DA:5,1
DA:10,1
DA:11,1
DA:14,1
DA:16,1
DA:19,1
DA:20,1
DA:21,1
DA:24,1
DA:26,1
DA:27,1
DA:28,1
DA:29,1
DA:30,1
DA:32,1
DA:33,1
DA:34,1
LF:20
LH:20
BRDA:24,0,0,0
BRDA:24,0,1,1
BRDA:32,1,0,0
BRDA:32,1,1,1
BRF:4
BRH:2
end_of_record
TN:
SF:C:\Lucas\agendabot\chatbot\dialogs\cancel.js
FN:4,(anonymous_0)
FNF:1
FNH:1
FNDA:1,(anonymous_0)
DA:1,1
DA:5,1
DA:6,1
DA:7,1
LF:4
LH:4
BRF:0
BRH:0
end_of_record
TN:
SF:C:\Lucas\agendabot\chatbot\dialogs\delete.js
FN:10,askPersonName
FN:12,(anonymous_1)
FN:16,(anonymous_2)
FN:19,findAndConfirm
FN:22,(anonymous_4)
FN:26,(anonymous_5)
FN:28,saveConfirmedUser
FN:31,(anonymous_7)
FN:35,(anonymous_8)
FNF:9
FNH:7
FNDA:1,askPersonName
FNDA:0,(anonymous_1)
FNDA:1,(anonymous_2)
FNDA:1,findAndConfirm
FNDA:1,(anonymous_4)
FNDA:0,(anonymous_5)
FNDA:1,saveConfirmedUser
FNDA:1,(anonymous_7)
FNDA:1,(anonymous_8)
DA:1,1
DA:2,1
DA:3,1
DA:4,1
DA:6,1
DA:11,1
DA:13,0
DA:14,0
DA:17,1
DA:20,1
DA:21,1
DA:23,1
DA:24,1
DA:26,0
DA:29,1
DA:30,1
DA:32,1
DA:33,1
DA:34,1
DA:36,1
DA:37,1
DA:38,1
LF:22
LH:19
BRDA:20,0,0,1
BRDA:20,0,1,1
BRDA:36,1,0,0
BRDA:36,1,1,1
BRF:4
BRH:3
end_of_record
TN:
SF:C:\Lucas\agendabot\chatbot\dialogs\edit.js
FN:10,askPersonName
FN:12,(anonymous_1)
FN:16,(anonymous_2)
FN:19,findAndConfirm
FN:22,(anonymous_4)
FN:26,(anonymous_5)
FN:28,askPhone
FN:33,saveConfirmedUser
FN:36,(anonymous_8)
FN:41,(anonymous_9)
FNF:10
FNH:8
FNDA:1,askPersonName
FNDA:0,(anonymous_1)
FNDA:1,(anonymous_2)
FNDA:1,findAndConfirm
FNDA:1,(anonymous_4)
FNDA:0,(anonymous_5)
FNDA:1,askPhone
FNDA:1,saveConfirmedUser
FNDA:1,(anonymous_8)
FNDA:1,(anonymous_9)
DA:1,1
DA:2,1
DA:3,1
DA:4,1
DA:6,1
DA:11,1
DA:13,0
DA:14,0
DA:17,1
DA:20,1
DA:21,1
DA:23,1
DA:24,1
DA:26,0
DA:29,1
DA:34,1
DA:35,1
DA:37,1
DA:38,1
DA:39,1
DA:40,1
DA:42,1
DA:43,1
DA:44,1
LF:24
LH:21
BRDA:20,0,0,1
BRDA:20,0,1,1
BRDA:29,1,0,1
BRDA:29,1,1,0
BRDA:42,2,0,0
BRDA:42,2,1,1
BRF:6
BRH:4
end_of_record
TN:
SF:C:\Lucas\agendabot\chatbot\dialogs\greeting.js
FN:8,one
FN:9,(anonymous_1)
FNF:2
FNH:2
FNDA:1,one
FNDA:1,(anonymous_1)
DA:2,1
DA:4,1
DA:9,1
DA:10,1
DA:11,1
DA:12,1
LF:6
LH:6
BRF:0
BRH:0
end_of_record
TN:
SF:C:\Lucas\agendabot\chatbot\dialogs\help.js
FN:14,one
FN:19,two
FNF:2
FNH:2
FNDA:1,one
FNDA:1,two
DA:1,1
DA:3,1
DA:10,1
DA:15,1
DA:20,1
DA:21,1
LF:6
LH:6
BRF:0
BRH:0
end_of_record
TN:
SF:C:\Lucas\agendabot\chatbot\dialogs\index.js
FN:4,(anonymous_0)
FN:5,(anonymous_1)
FNF:2
FNH:2
FNDA:10,(anonymous_0)
FNDA:9,(anonymous_1)
DA:1,1
DA:3,1
DA:4,10
DA:5,9
LF:4
LH:4
BRF:0
BRH:0
end_of_record
TN:
SF:C:\Lucas\agendabot\chatbot\dialogs\phone-prompt.js
FN:7,(anonymous_0)
FN:14,(anonymous_1)
FNF:2
FNH:2
FNDA:2,(anonymous_0)
FNDA:2,(anonymous_1)
DA:1,1
DA:3,1
DA:8,2
DA:9,0
DA:11,2
DA:15,2
DA:16,2
DA:17,2
DA:18,2
DA:19,2
DA:21,0
LF:11
LH:9
BRDA:8,0,0,0
BRDA:8,0,1,2
BRDA:8,1,0,2
BRDA:8,1,1,0
BRDA:16,2,0,2
BRDA:16,2,1,0
BRDA:17,3,0,2
BRDA:17,3,1,0
BRF:8
BRH:4
end_of_record
TN:
SF:C:\Lucas\agendabot\chatbot\dialogs\search.js
FN:9,askPersonName
FN:11,(anonymous_1)
FN:15,(anonymous_2)
FN:19,confirmNameAndNumber
FN:24,(anonymous_4)
FN:25,(anonymous_5)
FN:26,(anonymous_6)
FNF:7
FNH:5
FNDA:1,askPersonName
FNDA:0,(anonymous_1)
FNDA:1,(anonymous_2)
FNDA:1,confirmNameAndNumber
FNDA:1,(anonymous_4)
FNDA:0,(anonymous_5)
FNDA:1,(anonymous_6)
DA:1,1
DA:2,1
DA:3,1
DA:5,1
DA:10,1
DA:12,0
DA:13,0
DA:16,1
DA:20,1
DA:22,1
DA:23,1
DA:24,1
DA:25,0
DA:27,1
DA:28,1
LF:15
LH:12
BRDA:20,0,0,1
BRDA:20,0,1,1
BRF:2
BRH:2
end_of_record
TN:
SF:C:\Lucas\agendabot\chatbot\dialogs\somethingelse.js
FN:8,askPersonName
FNF:1
FNH:1
FNDA:1,askPersonName
DA:1,1
DA:2,1
DA:4,1
DA:9,1
DA:10,1
DA:11,1
LF:6
LH:6
BRF:0
BRH:0
end_of_record
TN:
SF:C:\Lucas\agendabot\chatbot\util\extract-entity.js
FN:2,(anonymous_0)
FN:4,(anonymous_1)
FN:5,(anonymous_2)
FNF:3
FNH:3
FNDA:3,(anonymous_0)
FNDA:3,(anonymous_1)
FNDA:3,(anonymous_2)
DA:1,1
DA:2,3
DA:4,1
DA:5,3
DA:6,3
DA:9,1
LF:6
LH:6
BRDA:2,0,0,3
BRDA:2,0,1,0
BRDA:6,1,0,0
BRDA:6,1,1,3
BRF:4
BRH:2
end_of_record
TN:
SF:C:\Lucas\agendabot\chatbot\util\session.js
FN:2,(anonymous_0)
FN:4,(anonymous_1)
FN:11,(anonymous_2)
FN:18,(anonymous_3)
FN:19,(anonymous_4)
FNF:5
FNH:4
FNDA:0,(anonymous_0)
FNDA:4,(anonymous_1)
FNDA:1,(anonymous_2)
FNDA:5,(anonymous_3)
FNDA:5,(anonymous_4)
DA:1,1
DA:2,1
DA:4,1
DA:5,4
DA:6,4
DA:7,4
DA:8,4
DA:11,1
DA:12,1
DA:13,1
DA:14,1
DA:15,1
DA:18,1
DA:19,5
DA:20,5
DA:21,5
DA:25,1
LF:17
LH:17
BRDA:2,0,0,0
BRDA:2,0,1,0
BRDA:4,1,0,4
BRDA:5,2,0,0
BRDA:5,2,1,4
BRF:5
BRH:2
end_of_record
